<?xml version="1.0" encoding="UTF-8"?>
<!-- Generated by org.testng.reporters.JUnitReportReporter -->
<testsuite hostname="DESKTOP-80TV0P3" failures="0" tests="3" name="Maven_Excel_Final.dataProvider" time="0.016" errors="0" timestamp="2022-09-08T13:14:34 IST" skipped="0">
  <testcase classname="Maven_Excel_Final.dataProvider" name="dataDrivenTest" time="0.002"/>
  <system-out/>
  <testcase classname="Maven_Excel_Final.dataProvider" name="dataDrivenTest" time="0.012"/>
  <system-out/>
  <testcase classname="Maven_Excel_Final.dataProvider" name="dataDrivenTest" time="0.002"/>
  <system-out/>
</testsuite> <!-- Maven_Excel_Final.dataProvider -->
